                                 Started job on |	Jul 16 18:32:11
                             Started mapping on |	Jul 16 18:32:23
                                    Finished on |	Jul 16 18:46:19
       Mapping speed, Million of reads per hour |	99.70

                          Number of input reads |	23153006
                      Average input read length |	151
                                    UNIQUE READS:
                   Uniquely mapped reads number |	20030515
                        Uniquely mapped reads % |	86.51%
                          Average mapped length |	150.60
                       Number of splices: Total |	8087297
            Number of splices: Annotated (sjdb) |	7816266
                       Number of splices: GT/AG |	7926735
                       Number of splices: GC/AG |	145224
                       Number of splices: AT/AC |	6843
               Number of splices: Non-canonical |	8495
                      Mismatch rate per base, % |	0.23%
                         Deletion rate per base |	0.00%
                        Deletion average length |	1.38
                        Insertion rate per base |	0.00%
                       Insertion average length |	1.15
                             MULTI-MAPPING READS:
        Number of reads mapped to multiple loci |	1221504
             % of reads mapped to multiple loci |	5.28%
        Number of reads mapped to too many loci |	286925
             % of reads mapped to too many loci |	1.24%
                                  UNMAPPED READS:
  Number of reads unmapped: too many mismatches |	0
       % of reads unmapped: too many mismatches |	0.00%
            Number of reads unmapped: too short |	905680
                 % of reads unmapped: too short |	3.91%
                Number of reads unmapped: other |	708382
                     % of reads unmapped: other |	3.06%
                                  CHIMERIC READS:
                       Number of chimeric reads |	0
                            % of chimeric reads |	0.00%
