                                 Started job on |	Jul 16 18:46:19
                             Started mapping on |	Jul 16 18:46:32
                                    Finished on |	Jul 16 19:01:03
       Mapping speed, Million of reads per hour |	82.48

                          Number of input reads |	19955206
                      Average input read length |	151
                                    UNIQUE READS:
                   Uniquely mapped reads number |	16580266
                        Uniquely mapped reads % |	83.09%
                          Average mapped length |	150.47
                       Number of splices: Total |	8089493
            Number of splices: Annotated (sjdb) |	7838046
                       Number of splices: GT/AG |	7960376
                       Number of splices: GC/AG |	115609
                       Number of splices: AT/AC |	8059
               Number of splices: Non-canonical |	5449
                      Mismatch rate per base, % |	0.20%
                         Deletion rate per base |	0.00%
                        Deletion average length |	1.35
                        Insertion rate per base |	0.00%
                       Insertion average length |	1.15
                             MULTI-MAPPING READS:
        Number of reads mapped to multiple loci |	737660
             % of reads mapped to multiple loci |	3.70%
        Number of reads mapped to too many loci |	201171
             % of reads mapped to too many loci |	1.01%
                                  UNMAPPED READS:
  Number of reads unmapped: too many mismatches |	0
       % of reads unmapped: too many mismatches |	0.00%
            Number of reads unmapped: too short |	1048332
                 % of reads unmapped: too short |	5.25%
                Number of reads unmapped: other |	1387777
                     % of reads unmapped: other |	6.95%
                                  CHIMERIC READS:
                       Number of chimeric reads |	0
                            % of chimeric reads |	0.00%
