           Time    Speed        Read     Read   Mapped   Mapped   Mapped   Mapped Unmapped Unmapped Unmapped Unmapped
                    M/hr      number   length   unique   length   MMrate    multi   multi+       MM    short    other
Jul 16 18:07:09     42.7      925727      151    75.2%    150.7     0.4%     5.7%     2.4%     0.0%     6.6%    10.2%
Jul 16 18:08:33     58.4     2625911      151    75.2%    150.7     0.4%     5.7%     2.3%     0.0%     6.5%    10.2%
Jul 16 18:09:58     63.0     4325812      151    75.2%    150.6     0.4%     5.8%     2.4%     0.0%     6.6%    10.1%
Jul 16 18:10:59     69.6     5954869      151    75.2%    150.6     0.4%     5.7%     2.4%     0.0%     6.6%    10.1%
Jul 16 18:12:10     65.3     6875619      151    75.2%    150.6     0.4%     5.8%     2.4%     0.0%     6.6%    10.1%
Jul 16 18:13:10     69.7     8504671      151    75.2%    150.6     0.4%     5.7%     2.4%     0.0%     6.6%    10.1%
Jul 16 18:14:16     67.2     9425406      151    75.2%    150.6     0.4%     5.7%     2.4%     0.0%     6.6%    10.1%
Jul 16 18:15:18     70.2    11049426      151    75.2%    150.6     0.4%     5.7%     2.4%     0.0%     6.6%    10.1%
Jul 16 18:16:28     67.6    11965875      151    75.2%    150.6     0.4%     5.7%     2.4%     0.0%     6.6%    10.1%
Jul 16 18:17:53     68.1    13657730      151    75.2%    150.6     0.4%     5.7%     2.4%     0.0%     6.6%    10.1%
Jul 16 18:18:55     70.2    15279033      151    75.2%    150.6     0.4%     5.8%     2.4%     0.0%     6.7%    10.0%
Jul 16 18:20:06     68.2    16195426      151    75.2%    150.6     0.4%     5.8%     2.4%     0.0%     6.7%    10.0%
Jul 16 18:21:07     69.2    17605218      151    75.2%    150.6     0.5%     5.8%     2.4%     0.0%     6.7%     9.9%
Jul 16 18:22:20     68.2    18733060      151    75.2%    150.6     0.5%     5.8%     2.4%     0.0%     6.8%     9.8%
Jul 16 18:23:22     68.5    20001925      151    75.2%    150.6     0.5%     5.8%     2.5%     0.0%     6.8%     9.8%
Jul 16 18:24:38     67.9    21270752      151    75.2%    150.6     0.5%     5.8%     2.5%     0.0%     6.9%     9.7%
Jul 16 18:25:39     68.3    22539603      151    75.2%    150.6     0.5%     5.8%     2.5%     0.0%     6.9%     9.7%
Jul 16 18:26:57     67.7    23808421      151    75.2%    150.6     0.5%     5.8%     2.5%     0.0%     6.9%     9.7%
Jul 16 18:27:59     68.6    25288719      151    75.2%    150.6     0.5%     5.8%     2.5%     0.0%     6.9%     9.6%
Jul 16 18:29:12     67.7    26346082      151    75.2%    150.6     0.5%     5.8%     2.5%     0.0%     6.9%     9.6%
Jul 16 18:30:14     68.3    27755900      151    75.2%    150.6     0.5%     5.8%     2.5%     0.0%     6.9%     9.6%
Jul 16 18:31:21     68.0    28898715      151    75.2%    150.6     0.5%     5.8%     2.5%     0.0%     6.9%     9.6%
ALL DONE!
