           Time    Speed        Read     Read   Mapped   Mapped   Mapped   Mapped Unmapped Unmapped Unmapped Unmapped
                    M/hr      number   length   unique   length   MMrate    multi   multi+       MM    short    other
Jul 16 19:46:33     36.6      925765      151    82.5%    149.4     0.8%     6.2%     1.3%     0.0%     6.6%     3.3%
Jul 16 19:47:33     59.3     2485274      151    82.4%    149.4     0.8%     6.2%     1.3%     0.0%     6.7%     3.3%
Jul 16 19:48:50     54.9     3477218      151    82.4%    149.4     0.8%     6.2%     1.3%     0.0%     6.7%     3.3%
Jul 16 19:49:51     59.2     4752615      151    82.5%    149.4     0.8%     6.2%     1.3%     0.0%     6.7%     3.3%
Jul 16 19:50:53     60.4     5886311      151    82.5%    149.4     0.8%     6.2%     1.3%     0.0%     6.7%     3.3%
Jul 16 19:52:01     59.1     6878267      151    82.5%    149.4     0.8%     6.2%     1.3%     0.0%     6.7%     3.3%
Jul 16 19:53:03     60.5     8082799      151    82.5%    149.4     0.8%     6.2%     1.3%     0.0%     6.7%     3.3%
Jul 16 19:54:06     61.0     9216470      151    82.4%    149.4     0.8%     6.2%     1.3%     0.0%     6.7%     3.3%
Jul 16 19:55:09     61.0    10277957      151    82.4%    149.4     0.8%     6.2%     1.3%     0.0%     6.7%     3.3%
Jul 16 19:56:09     61.9    11476758      151    82.4%    149.4     0.8%     6.2%     1.3%     0.0%     6.7%     3.3%
Jul 16 19:57:10     62.7    12675606      151    82.4%    149.4     0.8%     6.2%     1.3%     0.0%     6.7%     3.3%
Jul 16 19:58:17     62.2    13733404      151    82.4%    149.4     0.8%     6.2%     1.3%     0.0%     6.7%     3.3%
Jul 16 19:59:18     62.8    14932241      151    82.4%    149.4     0.8%     6.2%     1.3%     0.0%     6.7%     3.3%
Jul 16 20:00:22     63.4    16201593      151    82.4%    149.4     0.8%     6.2%     1.3%     0.0%     6.7%     3.3%
Jul 16 20:01:30     62.9    17259326      151    82.4%    149.4     0.8%     6.2%     1.3%     0.0%     6.7%     3.3%
Jul 16 20:02:35     63.6    18599191      151    82.4%    149.4     0.8%     6.2%     1.3%     0.0%     6.7%     3.3%
Jul 16 20:03:39     63.4    19656956      151    82.4%    149.4     0.8%     6.2%     1.3%     0.0%     6.7%     3.3%
Jul 16 20:04:41     63.3    20714743      151    82.4%    149.4     0.8%     6.2%     1.3%     0.0%     6.7%     3.3%
Jul 16 20:05:44     63.3    21843033      151    82.4%    149.4     0.8%     6.2%     1.3%     0.0%     6.7%     3.3%
Jul 16 20:06:47     63.2    22900797      151    82.4%    149.4     0.8%     6.2%     1.3%     0.0%     6.8%     3.3%
Jul 16 20:07:48     63.0    23888095      151    82.4%    149.4     0.8%     6.2%     1.3%     0.0%     6.8%     3.3%
Jul 16 20:08:48     63.2    25016422      151    82.4%    149.4     0.8%     6.2%     1.3%     0.0%     6.8%     3.3%
ALL DONE!
