                                 Started job on |	Jul 16 19:15:41
                             Started mapping on |	Jul 16 19:15:53
                                    Finished on |	Jul 16 19:44:49
       Mapping speed, Million of reads per hour |	65.03

                          Number of input reads |	31358246
                      Average input read length |	151
                                    UNIQUE READS:
                   Uniquely mapped reads number |	23823000
                        Uniquely mapped reads % |	75.97%
                          Average mapped length |	149.33
                       Number of splices: Total |	9272269
            Number of splices: Annotated (sjdb) |	8931570
                       Number of splices: GT/AG |	9056089
                       Number of splices: GC/AG |	167301
                       Number of splices: AT/AC |	8482
               Number of splices: Non-canonical |	40397
                      Mismatch rate per base, % |	0.79%
                         Deletion rate per base |	0.06%
                        Deletion average length |	2.93
                        Insertion rate per base |	0.05%
                       Insertion average length |	2.54
                             MULTI-MAPPING READS:
        Number of reads mapped to multiple loci |	1938977
             % of reads mapped to multiple loci |	6.18%
        Number of reads mapped to too many loci |	589993
             % of reads mapped to too many loci |	1.88%
                                  UNMAPPED READS:
  Number of reads unmapped: too many mismatches |	0
       % of reads unmapped: too many mismatches |	0.00%
            Number of reads unmapped: too short |	2605667
                 % of reads unmapped: too short |	8.31%
                Number of reads unmapped: other |	2400609
                     % of reads unmapped: other |	7.66%
                                  CHIMERIC READS:
                       Number of chimeric reads |	0
                            % of chimeric reads |	0.00%
