                                 Started job on |	Jul 16 19:44:50
                             Started mapping on |	Jul 16 19:45:02
                                    Finished on |	Jul 16 20:09:29
       Mapping speed, Million of reads per hour |	61.90

                          Number of input reads |	25225271
                      Average input read length |	151
                                    UNIQUE READS:
                   Uniquely mapped reads number |	20787145
                        Uniquely mapped reads % |	82.41%
                          Average mapped length |	149.38
                       Number of splices: Total |	8276005
            Number of splices: Annotated (sjdb) |	7971795
                       Number of splices: GT/AG |	8083503
                       Number of splices: GC/AG |	149744
                       Number of splices: AT/AC |	7312
               Number of splices: Non-canonical |	35446
                      Mismatch rate per base, % |	0.78%
                         Deletion rate per base |	0.06%
                        Deletion average length |	2.92
                        Insertion rate per base |	0.05%
                       Insertion average length |	2.54
                             MULTI-MAPPING READS:
        Number of reads mapped to multiple loci |	1575430
             % of reads mapped to multiple loci |	6.25%
        Number of reads mapped to too many loci |	335453
             % of reads mapped to too many loci |	1.33%
                                  UNMAPPED READS:
  Number of reads unmapped: too many mismatches |	0
       % of reads unmapped: too many mismatches |	0.00%
            Number of reads unmapped: too short |	1706776
                 % of reads unmapped: too short |	6.77%
                Number of reads unmapped: other |	820467
                     % of reads unmapped: other |	3.25%
                                  CHIMERIC READS:
                       Number of chimeric reads |	0
                            % of chimeric reads |	0.00%
