                                 Started job on |	Jul 16 20:09:29
                             Started mapping on |	Jul 16 20:09:41
                                    Finished on |	Jul 16 20:33:34
       Mapping speed, Million of reads per hour |	53.99

                          Number of input reads |	21491992
                      Average input read length |	151
                                    UNIQUE READS:
                   Uniquely mapped reads number |	18819358
                        Uniquely mapped reads % |	87.56%
                          Average mapped length |	149.85
                       Number of splices: Total |	9357364
            Number of splices: Annotated (sjdb) |	9019490
                       Number of splices: GT/AG |	9180760
                       Number of splices: GC/AG |	134928
                       Number of splices: AT/AC |	9620
               Number of splices: Non-canonical |	32056
                      Mismatch rate per base, % |	0.65%
                         Deletion rate per base |	0.05%
                        Deletion average length |	2.80
                        Insertion rate per base |	0.04%
                       Insertion average length |	2.59
                             MULTI-MAPPING READS:
        Number of reads mapped to multiple loci |	985211
             % of reads mapped to multiple loci |	4.58%
        Number of reads mapped to too many loci |	102285
             % of reads mapped to too many loci |	0.48%
                                  UNMAPPED READS:
  Number of reads unmapped: too many mismatches |	0
       % of reads unmapped: too many mismatches |	0.00%
            Number of reads unmapped: too short |	1104174
                 % of reads unmapped: too short |	5.14%
                Number of reads unmapped: other |	480964
                     % of reads unmapped: other |	2.24%
                                  CHIMERIC READS:
                       Number of chimeric reads |	0
                            % of chimeric reads |	0.00%
