           Time    Speed        Read     Read   Mapped   Mapped   Mapped   Mapped Unmapped Unmapped Unmapped Unmapped
                    M/hr      number   length   unique   length   MMrate    multi   multi+       MM    short    other
Jul 16 19:17:21     37.9      926021      151    76.1%    149.4     0.8%     6.1%     1.8%     0.0%     8.1%     7.9%
Jul 16 19:18:22     61.8     2555988      151    76.0%    149.4     0.8%     6.2%     1.8%     0.0%     8.2%     7.8%
Jul 16 19:19:32     57.2     3477079      151    76.0%    149.4     0.8%     6.2%     1.8%     0.0%     8.2%     7.8%
Jul 16 19:20:32     64.1     4964971      151    76.0%    149.4     0.8%     6.2%     1.8%     0.0%     8.2%     7.8%
Jul 16 19:21:46     61.5     6027773      151    76.0%    149.3     0.8%     6.2%     1.8%     0.0%     8.2%     7.8%
Jul 16 19:22:48     64.6     7444835      151    76.0%    149.3     0.8%     6.2%     1.8%     0.0%     8.2%     7.8%
Jul 16 19:24:05     62.8     8578438      151    76.0%    149.3     0.8%     6.2%     1.8%     0.0%     8.2%     7.8%
Jul 16 19:25:07     65.4    10066048      151    76.0%    149.3     0.8%     6.2%     1.8%     0.0%     8.2%     7.8%
Jul 16 19:26:17     64.2    11123762      151    76.0%    149.3     0.8%     6.2%     1.8%     0.0%     8.2%     7.8%
Jul 16 19:27:17     65.2    12393075      151    76.0%    149.3     0.8%     6.2%     1.8%     0.0%     8.2%     7.8%
Jul 16 19:28:32     64.8    13662373      151    76.0%    149.3     0.8%     6.2%     1.8%     0.0%     8.2%     7.8%
Jul 16 19:29:33     64.3    14649593      151    76.0%    149.3     0.8%     6.2%     1.8%     0.0%     8.2%     7.8%
Jul 16 19:30:35     65.0    15918910      151    76.0%    149.3     0.8%     6.2%     1.8%     0.0%     8.2%     7.8%
Jul 16 19:31:38     65.2    17117719      151    76.0%    149.3     0.8%     6.2%     1.8%     0.0%     8.2%     7.8%
Jul 16 19:32:39     64.8    18104910      151    76.0%    149.3     0.8%     6.2%     1.8%     0.0%     8.2%     7.8%
Jul 16 19:33:40     65.6    19444704      151    76.0%    149.3     0.8%     6.2%     1.8%     0.0%     8.2%     7.8%
Jul 16 19:34:42     65.6    20572966      151    76.0%    149.3     0.8%     6.2%     1.8%     0.0%     8.2%     7.8%
Jul 16 19:35:47     65.9    21842246      151    76.0%    149.3     0.8%     6.2%     1.9%     0.0%     8.3%     7.7%
Jul 16 19:36:54     66.0    23111530      151    76.0%    149.3     0.8%     6.2%     1.9%     0.0%     8.3%     7.7%
Jul 16 19:37:54     66.3    24310279      151    76.0%    149.3     0.8%     6.2%     1.9%     0.0%     8.3%     7.7%
Jul 16 19:38:54     66.5    25509054      151    76.0%    149.3     0.8%     6.2%     1.9%     0.0%     8.3%     7.7%
Jul 16 19:40:00     65.9    26496279      151    76.0%    149.3     0.8%     6.2%     1.9%     0.0%     8.3%     7.7%
Jul 16 19:41:02     66.2    27765549      151    76.0%    149.3     0.8%     6.2%     1.9%     0.0%     8.3%     7.7%
Jul 16 19:42:02     66.3    28893817      151    76.0%    149.3     0.8%     6.2%     1.9%     0.0%     8.3%     7.7%
Jul 16 19:43:10     66.0    30022078      151    76.0%    149.3     0.8%     6.2%     1.9%     0.0%     8.3%     7.7%
Jul 16 19:44:12     66.3    31291363      151    76.0%    149.3     0.8%     6.2%     1.9%     0.0%     8.3%     7.7%
ALL DONE!
