           Time    Speed        Read     Read   Mapped   Mapped   Mapped   Mapped Unmapped Unmapped Unmapped Unmapped
                    M/hr      number   length   unique   length   MMrate    multi   multi+       MM    short    other
Jul 16 20:34:50     48.8      854806      151    82.7%    149.7     0.7%     4.5%     0.9%     0.0%     6.4%     5.5%
Jul 16 20:35:56     51.6     1847402      151    82.6%    149.7     0.7%     4.6%     0.9%     0.0%     6.4%     5.5%
Jul 16 20:37:08     63.5     3547762      151    82.6%    149.7     0.7%     4.6%     0.9%     0.0%     6.4%     5.5%
Jul 16 20:38:08     67.5     4893899      151    82.6%    149.6     0.7%     4.6%     0.9%     0.0%     6.4%     5.5%
Jul 16 20:39:09     68.2     6098308      151    82.6%    149.6     0.7%     4.6%     0.9%     0.0%     6.4%     5.5%
Jul 16 20:40:10     72.0     7657021      151    82.6%    149.6     0.7%     4.6%     0.9%     0.0%     6.4%     5.5%
Jul 16 20:41:15     71.2     8861447      151    82.6%    149.6     0.7%     4.6%     0.9%     0.0%     6.4%     5.5%
Jul 16 20:42:16     74.2    10488662      151    82.6%    149.6     0.7%     4.6%     0.9%     0.0%     6.4%     5.5%
Jul 16 20:43:16     74.4    11757910      151    82.6%    149.6     0.7%     4.6%     0.9%     0.0%     6.5%     5.5%
Jul 16 20:44:18     74.3    13027079      151    82.6%    149.6     0.7%     4.6%     0.9%     0.0%     6.4%     5.5%
Jul 16 20:45:26     74.0    14366737      151    82.7%    149.6     0.7%     4.6%     0.9%     0.0%     6.4%     5.5%
Jul 16 20:46:36     73.5    15706483      151    82.7%    149.6     0.7%     4.6%     0.9%     0.0%     6.4%     5.5%
Jul 16 20:47:36     74.3    17116722      151    82.7%    149.6     0.7%     4.6%     0.9%     0.0%     6.4%     5.5%
Jul 16 20:48:37     73.8    18244924      151    82.7%    149.6     0.7%     4.6%     0.9%     0.0%     6.4%     5.5%
Jul 16 20:49:38     74.7    19725633      151    82.7%    149.6     0.7%     4.6%     0.9%     0.0%     6.4%     5.5%
Jul 16 20:50:38     74.8    20994844      151    82.7%    149.6     0.7%     4.6%     0.9%     0.0%     6.4%     5.5%
Jul 16 20:51:40     75.2    22405053      151    82.7%    149.6     0.7%     4.6%     0.9%     0.0%     6.4%     5.5%
Jul 16 20:52:43     75.2    23744762      151    82.7%    149.6     0.7%     4.6%     0.9%     0.0%     6.4%     5.5%
ALL DONE!
