           Time    Speed        Read     Read   Mapped   Mapped   Mapped   Mapped Unmapped Unmapped Unmapped Unmapped
                    M/hr      number   length   unique   length   MMrate    multi   multi+       MM    short    other
Jul 16 20:10:48     23.0      427666      151    87.7%    149.9     0.6%     4.5%     0.5%     0.0%     5.1%     2.3%
Jul 16 20:12:06     33.6     1351383      151    87.6%    149.9     0.6%     4.6%     0.5%     0.0%     5.1%     2.2%
Jul 16 20:13:13     38.6     2272429      151    87.6%    149.9     0.6%     4.6%     0.5%     0.0%     5.1%     2.3%
Jul 16 20:14:14     42.1     3193464      151    87.6%    149.9     0.6%     4.6%     0.5%     0.0%     5.1%     2.3%
Jul 16 20:15:15     43.6     4043664      151    87.6%    149.9     0.6%     4.6%     0.5%     0.0%     5.1%     2.2%
Jul 16 20:16:16     45.2     4964681      151    87.5%    149.9     0.6%     4.6%     0.5%     0.0%     5.1%     2.2%
Jul 16 20:17:35     48.5     6381653      151    87.5%    149.9     0.6%     4.6%     0.5%     0.0%     5.1%     2.2%
Jul 16 20:18:36     49.1     7302689      151    87.5%    149.9     0.6%     4.6%     0.5%     0.0%     5.1%     2.2%
Jul 16 20:19:37     51.4     8507101      151    87.5%    149.9     0.6%     4.6%     0.5%     0.0%     5.2%     2.2%
Jul 16 20:20:43     53.2     9782357      151    87.5%    149.8     0.7%     4.6%     0.5%     0.0%     5.2%     2.2%
Jul 16 20:21:46     53.1    10700065      151    87.5%    149.8     0.7%     4.6%     0.5%     0.0%     5.2%     2.2%
Jul 16 20:22:58     52.5    11616742      151    87.6%    149.8     0.7%     4.6%     0.5%     0.0%     5.2%     2.2%
Jul 16 20:23:59     52.9    12603912      151    87.6%    149.8     0.7%     4.6%     0.5%     0.0%     5.2%     2.2%
Jul 16 20:25:01     52.9    13520584      151    87.6%    149.8     0.7%     4.6%     0.5%     0.0%     5.1%     2.2%
Jul 16 20:26:01     53.0    14437256      151    87.6%    149.8     0.7%     4.6%     0.5%     0.0%     5.1%     2.2%
Jul 16 20:27:01     53.6    15494972      151    87.6%    149.8     0.7%     4.6%     0.5%     0.0%     5.1%     2.2%
Jul 16 20:28:22     53.6    16693688      151    87.6%    149.8     0.7%     4.6%     0.5%     0.0%     5.1%     2.2%
Jul 16 20:29:23     53.6    17610351      151    87.6%    149.9     0.7%     4.6%     0.5%     0.0%     5.1%     2.2%
Jul 16 20:30:24     53.9    18597545      151    87.6%    149.9     0.7%     4.6%     0.5%     0.0%     5.1%     2.2%
Jul 16 20:31:57     54.1    20078297      151    87.6%    149.9     0.6%     4.6%     0.5%     0.0%     5.1%     2.2%
Jul 16 20:33:00     54.0    20998409      151    87.6%    149.9     0.6%     4.6%     0.5%     0.0%     5.1%     2.2%
ALL DONE!
